<?xml version="1.0" encoding="UTF-8"?>
<!-- Generated by org.testng.reporters.JUnitReportReporter -->
<testsuite hostname="frida-VirtualBox" name="com.nackademin.frida_wessely_assignment02.AdvancedCalculatorTest" tests="1" failures="0" timestamp="18 Mar 2021 09:18:39 GMT" time="0.011" errors="0">
  <testcase name="testAbsolutValue" time="0.011" classname="com.nackademin.frida_wessely_assignment02.AdvancedCalculatorTest"/>
</testsuite> <!-- com.nackademin.frida_wessely_assignment02.AdvancedCalculatorTest -->
