<?xml version="1.0" encoding="UTF-8"?>
<!-- Generated by org.testng.reporters.JUnitReportReporter -->
<testsuite hostname="frida-VirtualBox" name="com.nackademin.frida_wessely_assignment02.BasicCalculatorTest" tests="5" failures="0" timestamp="18 Mar 2021 09:18:39 GMT" time="0.038" errors="0">
  <testcase name="testAddition" time="0.010" classname="com.nackademin.frida_wessely_assignment02.BasicCalculatorTest"/>
  <testcase name="testMultiplication" time="0.007" classname="com.nackademin.frida_wessely_assignment02.BasicCalculatorTest"/>
  <testcase name="testDivision" time="0.003" classname="com.nackademin.frida_wessely_assignment02.BasicCalculatorTest"/>
  <testcase name="testSubtraction" time="0.004" classname="com.nackademin.frida_wessely_assignment02.BasicCalculatorTest"/>
  <testcase name="testDivisionZero" time="0.014" classname="com.nackademin.frida_wessely_assignment02.BasicCalculatorTest"/>
</testsuite> <!-- com.nackademin.frida_wessely_assignment02.BasicCalculatorTest -->
